\BOOKMARK [1][-]{section.1}{Introduction}{}% 1
\BOOKMARK [2][-]{subsection.1.1}{Inadequacy of low-rank trace regression}{section.1}% 2
\BOOKMARK [2][-]{subsection.1.2}{Our proposal and contributions}{section.1}% 3
\BOOKMARK [2][-]{subsection.1.3}{Related work}{section.1}% 4
\BOOKMARK [2][-]{subsection.1.4}{Notation and organization}{section.1}% 5
\BOOKMARK [1][-]{section.2}{Nonparametric trace regression model}{}% 6
\BOOKMARK [1][-]{section.3}{From classification to regression: a learning reduction approach}{}% 7
\BOOKMARK [2][-]{subsection.3.1}{Statistical characterization of sign functions via weighted classification}{section.3}% 8
\BOOKMARK [2][-]{subsection.3.2}{Identifiability}{section.3}% 9
\BOOKMARK [2][-]{subsection.3.3}{Regression risk bound}{section.3}% 10
\BOOKMARK [1][-]{section.4}{Two applications of nonparametric matrix learning}{}% 11
\BOOKMARK [2][-]{subsection.4.1}{Low-rank sparse matrix predictor regression}{section.4}% 12
\BOOKMARK [2][-]{subsection.4.2}{High-rank matrix completion}{section.4}% 13
\BOOKMARK [1][-]{section.5}{Large-margin implementation and ADMM algorithm}{}% 14
\BOOKMARK [2][-]{subsection.5.1}{Large-margin learning}{section.5}% 15
\BOOKMARK [2][-]{subsection.5.2}{ADMM optimization}{section.5}% 16
\BOOKMARK [2][-]{subsection.5.3}{Hyperparameter tuning}{section.5}% 17
\BOOKMARK [2][-]{subsection.5.4}{Large-margin statistical guarantees}{section.5}% 18
\BOOKMARK [1][-]{section.6}{Simulations}{}% 19
\BOOKMARK [2][-]{subsection.6.1}{Impacts of sample size, matrix dimension, and model complexity}{section.6}% 20
\BOOKMARK [2][-]{subsection.6.2}{Comparison with alternative methods}{section.6}% 21
\BOOKMARK [1][-]{section.7}{Real data applications}{}% 22
\BOOKMARK [2][-]{subsection.7.1}{Brain connectivity analysis}{section.7}% 23
\BOOKMARK [2][-]{subsection.7.2}{Imaging matrix completion}{section.7}% 24
\BOOKMARK [1][-]{section.8}{Discussion}{}% 25
\BOOKMARK [1][-]{appendix.A}{Additional theoretical results}{}% 26
\BOOKMARK [2][-]{subsection.A.1}{Sign rank and matrix rank}{appendix.A}% 27
\BOOKMARK [2][-]{subsection.A.2}{Extension to sub-Gaussian noise}{appendix.A}% 28
\BOOKMARK [2][-]{subsection.A.3}{Extension to unbounded number of mass points}{appendix.A}% 29
\BOOKMARK [2][-]{subsection.A.4}{Connection to structured matrix model with functional coefficients}{appendix.A}% 30
\BOOKMARK [2][-]{subsection.A.5}{Adjusting for intercept and additional covariates}{appendix.A}% 31
\BOOKMARK [1][-]{appendix.B}{Proofs}{}% 32
\BOOKMARK [2][-]{subsection.B.1}{Main notation}{appendix.B}% 33
\BOOKMARK [2][-]{subsection.B.2}{Proof of Theorem 3.1}{appendix.B}% 34
\BOOKMARK [2][-]{subsection.B.3}{Proof of Theorem 3.2}{appendix.B}% 35
\BOOKMARK [2][-]{subsection.B.4}{Proofs of Theorem 3.3 and Part \(a\) in Theorems 5.1}{appendix.B}% 36
\BOOKMARK [2][-]{subsection.B.5}{Proofs of Theorem 3.4, Theorem 4.1, and Part \(b\) in Theorem 5.1}{appendix.B}% 37
\BOOKMARK [2][-]{subsection.B.6}{Proofs of Theorem 4.2 and Theorem A.1}{appendix.B}% 38
\BOOKMARK [1][-]{appendix.C}{Auxiliary lemmas}{}% 39
