This is pdfTeX, Version 3.14159265-2.6-1.40.19 (TeX Live 2018) (preloaded format=pdflatex 2018.4.16)  9 OCT 2020 21:25
entering extended mode
 restricted \write18 enabled.
 file:line:error style messages enabled.
 %&-line parsing enabled.
**amssym.tex
(./amssym.tex
LaTeX2e <2018-04-01> patch level 2
Babel <3.18> and hyphenation patterns for 84 language(s) loaded.
(./amssym.def
\msafam=\mathgroup4
\msbfam=\mathgroup5
\eufmfam=\mathgroup6
))
*
! Emergency stop.
<*> amssym.tex
              
End of file on the terminal!

 
Here is how much of TeX's memory you used:
 262 strings out of 492649
 2413 string characters out of 6129622
 56543 words of memory out of 5000000
 4234 multiletter control sequences out of 15000+600000
 5593 words of font info for 23 fonts, out of 8000000 for 9000
 1141 hyphenation exceptions out of 8191
 5i,0n,10p,117b,297s stack positions out of 5000i,500n,10000p,200000b,80000s
!  ==> Fatal error occurred, no output PDF file produced!
