\BOOKMARK [1][-]{section.1}{Introduction}{}% 1
\BOOKMARK [2][-]{subsection.1.1}{Our contributions}{section.1}% 2
\BOOKMARK [2][-]{subsection.1.2}{Related work}{section.1}% 3
\BOOKMARK [3][-]{subsubsection.1.2.1}{Parametric matrix regression}{subsection.1.2}% 4
\BOOKMARK [3][-]{subsubsection.1.2.2}{Common nonparametric strategies}{subsection.1.2}% 5
\BOOKMARK [3][-]{subsubsection.1.2.3}{Nonparametric methods with manifolds}{subsection.1.2}% 6
\BOOKMARK [3][-]{subsubsection.1.2.4}{Regression level set estimation}{subsection.1.2}% 7
\BOOKMARK [2][-]{subsection.1.3}{Notation and organization}{section.1}% 8
\BOOKMARK [1][-]{section.2}{Three learning problems}{}% 9
\BOOKMARK [1][-]{section.3}{From classification to regression: a new deal}{}% 10
\BOOKMARK [2][-]{subsection.3.1}{Level set approaches to nonparametric binary regression}{section.3}% 11
\BOOKMARK [2][-]{subsection.3.2}{Sparse and low-rank function boundaries}{section.3}% 12
\BOOKMARK [1][-]{section.4}{Estimation}{}% 13
\BOOKMARK [2][-]{subsection.4.1}{Large-margin learning with high dimensional matrices}{section.4}% 14
\BOOKMARK [2][-]{subsection.4.2}{Alternating optimization for structural risk minimization}{section.4}% 15
\BOOKMARK [1][-]{section.5}{Statistical learning theory}{}% 16
\BOOKMARK [1][-]{section.6}{Numerical experiments}{}% 17
\BOOKMARK [2][-]{subsection.6.1}{Impacts of sample size, matrix dimension, and model complexity}{section.6}% 18
\BOOKMARK [2][-]{subsection.6.2}{Comparison with other methods}{section.6}% 19
\BOOKMARK [2][-]{subsection.6.3}{human brain connectome data}{section.6}% 20
\BOOKMARK [1][-]{section.7}{Discussion}{}% 21
\BOOKMARK [1][-]{section*.13}{Appendices}{}% 22
\BOOKMARK [2][-]{subsection.7.1}{Connection to joint matrix decomposition with functional coefficients}{section*.13}% 23
\BOOKMARK [2][-]{subsection.7.2}{Supplementary figures}{section*.13}% 24
\BOOKMARK [2][-]{subsection.7.3}{Proofs}{section*.13}% 25
\BOOKMARK [3][-]{subsubsection.7.3.1}{Proof of Proposition 1}{subsection.7.3}% 26
\BOOKMARK [3][-]{subsubsection.7.3.2}{Proof of Theorem 1}{subsection.7.3}% 27
\BOOKMARK [3][-]{subsubsection.7.3.3}{Proof of Proposition 3}{subsection.7.3}% 28
\BOOKMARK [3][-]{subsubsection.7.3.4}{Proof of Theorem 2}{subsection.7.3}% 29
\BOOKMARK [3][-]{subsubsection.7.3.5}{Proofs of Theorem 3}{subsection.7.3}% 30
\BOOKMARK [2][-]{subsection.7.4}{Auxiliary lemmas}{section*.13}% 31
