This is pdfTeX, Version 3.14159265-2.6-1.40.19 (TeX Live 2018) (preloaded format=pdflatex 2018.4.16)  23 JAN 2021 22:55
entering extended mode
 restricted \write18 enabled.
 file:line:error style messages enabled.
 %&-line parsing enabled.
**Nonparametric_matrix——zhangComment.tex
(./Nonparametric_matrix——zhangComment.tex
LaTeX2e <2018-04-01> patch level 2
Babel <3.18> and hyphenation patterns for 84 language(s) loaded.
(/usr/local/texlive/2018/texmf-dist/tex/latex/base/article.cls
Document Class: article 2014/09/29 v1.4h Standard LaTeX document class
(/usr/local/texlive/2018/texmf-dist/tex/latex/base/size11.clo
File: size11.clo 2014/09/29 v1.4h Standard LaTeX file (size option)
)
\c@part=\count80
\c@section=\count81
\c@subsection=\count82
\c@subsubsection=\count83
\c@paragraph=\count84
\c@subparagraph=\count85
\c@figure=\count86
\c@table=\count87
\abovecaptionskip=\skip41
\belowcaptionskip=\skip42
\bibindent=\dimen102
)
(/usr/local/texlive/2018/texmf-dist/tex/latex/setspace/setspace.sty
Package: setspace 2011/12/19 v6.7a set line spacing
)
(/usr/local/texlive/2018/texmf-dist/tex/latex/base/inputenc.sty
Package: inputenc 2018/04/06 v1.3b Input encoding file
\inpenc@prehook=\toks14
\inpenc@posthook=\toks15
)
(/usr/local/texlive/2018/texmf-dist/tex/latex/lipsum/lipsum.sty
Package: lipsum 2014/07/27 v1.3 150 paragraphs of Lorem Ipsum dummy text
\c@lips@count=\count88
)
(/usr/local/texlive/2018/texmf-dist/tex/latex/amsmath/amsmath.sty
Package: amsmath 2017/09/02 v2.17a AMS math features
\@mathmargin=\skip43

For additional information on amsmath, use the `?' option.
(/usr/local/texlive/2018/texmf-dist/tex/latex/amsmath/amstext.sty
Package: amstext 2000/06/29 v2.01 AMS text

(/usr/local/texlive/2018/texmf-dist/tex/latex/amsmath/amsgen.sty
File: amsgen.sty 1999/11/30 v2.0 generic functions
\@emptytoks=\toks16
\ex@=\dimen103
))
(/usr/local/texlive/2018/texmf-dist/tex/latex/amsmath/amsbsy.sty
Package: amsbsy 1999/11/29 v1.2d Bold Symbols
\pmbraise@=\dimen104
)
(/usr/local/texlive/2018/texmf-dist/tex/latex/amsmath/amsopn.sty
Package: amsopn 2016/03/08 v2.02 operator names
)
\inf@bad=\count89
LaTeX Info: Redefining \frac on input line 213.
\uproot@=\count90
\leftroot@=\count91
LaTeX Info: Redefining \overline on input line 375.
\classnum@=\count92
\DOTSCASE@=\count93
LaTeX Info: Redefining \ldots on input line 472.
LaTeX Info: Redefining \dots on input line 475.
LaTeX Info: Redefining \cdots on input line 596.
\Mathstrutbox@=\box26
\strutbox@=\box27
\big@size=\dimen105
LaTeX Font Info:    Redeclaring font encoding OML on input line 712.
LaTeX Font Info:    Redeclaring font encoding OMS on input line 713.
\macc@depth=\count94
\c@MaxMatrixCols=\count95
\dotsspace@=\muskip10
\c@parentequation=\count96
\dspbrk@lvl=\count97
\tag@help=\toks17
\row@=\count98
\column@=\count99
\maxfields@=\count100
\andhelp@=\toks18
\eqnshift@=\dimen106
\alignsep@=\dimen107
\tagshift@=\dimen108
\tagwidth@=\dimen109
\totwidth@=\dimen110
\lineht@=\dimen111
\@envbody=\toks19
\multlinegap=\skip44
\multlinetaggap=\skip45
\mathdisplay@stack=\toks20
LaTeX Info: Redefining \[ on input line 2817.
LaTeX Info: Redefining \] on input line 2818.
)
(/usr/local/texlive/2018/texmf-dist/tex/latex/amsfonts/amssymb.sty
Package: amssymb 2013/01/14 v3.01 AMS font symbols

(/usr/local/texlive/2018/texmf-dist/tex/latex/amsfonts/amsfonts.sty
Package: amsfonts 2013/01/14 v3.01 Basic AMSFonts support
\symAMSa=\mathgroup4
\symAMSb=\mathgroup5
LaTeX Font Info:    Overwriting math alphabet `\mathfrak' in version `bold'
(Font)                  U/euf/m/n --> U/euf/b/n on input line 106.
))
(./natbib.sty
Package: natbib 1998/07/14 6.8c (PWD)
\bibhang=\skip46
\bibsep=\skip47
LaTeX Info: Redefining \cite on input line 467.
\c@NAT@ctr=\count101
) (/usr/local/texlive/2018/texmf-dist/tex/latex/tools/xspace.sty
Package: xspace 2014/10/28 v1.13 Space after command names (DPC,MH)
)
(/usr/local/texlive/2018/texmf-dist/tex/latex/amscls/amsthm.sty
Package: amsthm 2017/10/31 v2.20.4
\thm@style=\toks21
\thm@bodyfont=\toks22
\thm@headfont=\toks23
\thm@notefont=\toks24
\thm@headpunct=\toks25
\thm@preskip=\skip48
\thm@postskip=\skip49
\thm@headsep=\skip50
\dth@everypar=\toks26
)
(/usr/local/texlive/2018/texmf-dist/tex/latex/jknapltx/mathrsfs.sty
Package: mathrsfs 1996/01/01 Math RSFS package v1.0 (jk)
\symrsfs=\mathgroup6
)
(/usr/local/texlive/2018/texmf-dist/tex/latex/graphics/graphicx.sty
Package: graphicx 2017/06/01 v1.1a Enhanced LaTeX Graphics (DPC,SPQR)

(/usr/local/texlive/2018/texmf-dist/tex/latex/graphics/keyval.sty
Package: keyval 2014/10/28 v1.15 key=value parser (DPC)
\KV@toks@=\toks27
)
(/usr/local/texlive/2018/texmf-dist/tex/latex/graphics/graphics.sty
Package: graphics 2017/06/25 v1.2c Standard LaTeX Graphics (DPC,SPQR)

(/usr/local/texlive/2018/texmf-dist/tex/latex/graphics/trig.sty
Package: trig 2016/01/03 v1.10 sin cos tan (DPC)
)
(/usr/local/texlive/2018/texmf-dist/tex/latex/graphics-cfg/graphics.cfg
File: graphics.cfg 2016/06/04 v1.11 sample graphics configuration
)
Package graphics Info: Driver file: pdftex.def on input line 99.

(/usr/local/texlive/2018/texmf-dist/tex/latex/graphics-def/pdftex.def
File: pdftex.def 2018/01/08 v1.0l Graphics/color driver for pdftex
))
\Gin@req@height=\dimen112
\Gin@req@width=\dimen113
)
(/usr/local/texlive/2018/texmf-dist/tex/latex/caption/caption.sty
Package: caption 2016/02/21 v3.3-144 Customizing captions (AR)

(/usr/local/texlive/2018/texmf-dist/tex/latex/caption/caption3.sty
Package: caption3 2016/05/22 v1.7-166 caption3 kernel (AR)
Package caption3 Info: TeX engine: e-TeX on input line 67.
\captionmargin=\dimen114
\captionmargin@=\dimen115
\captionwidth=\dimen116
\caption@tempdima=\dimen117
\caption@indent=\dimen118
\caption@parindent=\dimen119
\caption@hangindent=\dimen120
)
\c@ContinuedFloat=\count102
)
(/usr/local/texlive/2018/texmf-dist/tex/latex/comment/comment.sty
\CommentStream=\write3

Excluding comment 'comment')
(/usr/local/texlive/2018/texmf-dist/tex/latex/geometry/geometry.sty
Package: geometry 2018/03/24 v5.7 Page Geometry

(/usr/local/texlive/2018/texmf-dist/tex/generic/oberdiek/ifpdf.sty
Package: ifpdf 2017/03/15 v3.2 Provides the ifpdf switch
)
(/usr/local/texlive/2018/texmf-dist/tex/generic/oberdiek/ifvtex.sty
Package: ifvtex 2016/05/16 v1.6 Detect VTeX and its facilities (HO)
Package ifvtex Info: VTeX not detected.
)
(/usr/local/texlive/2018/texmf-dist/tex/generic/ifxetex/ifxetex.sty
Package: ifxetex 2010/09/12 v0.6 Provides ifxetex conditional
)
\Gm@cnth=\count103
\Gm@cntv=\count104
\c@Gm@tempcnt=\count105
\Gm@bindingoffset=\dimen121
\Gm@wd@mp=\dimen122
\Gm@odd@mp=\dimen123
\Gm@even@mp=\dimen124
\Gm@layoutwidth=\dimen125
\Gm@layoutheight=\dimen126
\Gm@layouthoffset=\dimen127
\Gm@layoutvoffset=\dimen128
\Gm@dimlist=\toks28
)
(/usr/local/texlive/2018/texmf-dist/tex/latex/enumitem/enumitem.sty
Package: enumitem 2011/09/28 v3.5.2 Customized lists
\labelindent=\skip51
\enit@outerparindent=\dimen129
\enit@toks=\toks29
\enit@inbox=\box28
\enitdp@description=\count106
)
(/usr/local/texlive/2018/texmf-dist/tex/latex/caption/subcaption.sty
Package: subcaption 2016/05/22 v1.1-161 Sub-captions (AR)
\c@subfigure=\count107
\c@subtable=\count108
)
(/usr/local/texlive/2018/texmf-dist/tex/latex/multirow/multirow.sty
Package: multirow 2016/11/25 v2.2 Span multiple rows of a table
\multirow@colwidth=\skip52
\multirow@cntb=\count109
\multirow@dima=\skip53
\bigstrutjot=\dimen130
)
(/usr/local/texlive/2018/texmf-dist/tex/latex/oberdiek/epstopdf.sty
Package: epstopdf 2016/05/15 v2.6 Conversion with epstopdf on the fly (HO)

(/usr/local/texlive/2018/texmf-dist/tex/latex/oberdiek/epstopdf-base.sty
Package: epstopdf-base 2016/05/15 v2.6 Base part for package epstopdf

(/usr/local/texlive/2018/texmf-dist/tex/generic/oberdiek/infwarerr.sty
Package: infwarerr 2016/05/16 v1.4 Providing info/warning/error messages (HO)
)
(/usr/local/texlive/2018/texmf-dist/tex/latex/oberdiek/grfext.sty
Package: grfext 2016/05/16 v1.2 Manage graphics extensions (HO)

(/usr/local/texlive/2018/texmf-dist/tex/generic/oberdiek/kvdefinekeys.sty
Package: kvdefinekeys 2016/05/16 v1.4 Define keys (HO)

(/usr/local/texlive/2018/texmf-dist/tex/generic/oberdiek/ltxcmds.sty
Package: ltxcmds 2016/05/16 v1.23 LaTeX kernel commands for general use (HO)
)))
(/usr/local/texlive/2018/texmf-dist/tex/latex/oberdiek/kvoptions.sty
Package: kvoptions 2016/05/16 v3.12 Key value format for package options (HO)

(/usr/local/texlive/2018/texmf-dist/tex/generic/oberdiek/kvsetkeys.sty
Package: kvsetkeys 2016/05/16 v1.17 Key value parser (HO)

(/usr/local/texlive/2018/texmf-dist/tex/generic/oberdiek/etexcmds.sty
Package: etexcmds 2016/05/16 v1.6 Avoid name clashes with e-TeX commands (HO)

(/usr/local/texlive/2018/texmf-dist/tex/generic/oberdiek/ifluatex.sty
Package: ifluatex 2016/05/16 v1.4 Provides the ifluatex switch (HO)
Package ifluatex Info: LuaTeX not detected.
)
Package etexcmds Info: Could not find \expanded.
(etexcmds)             That can mean that you are not using pdfTeX 1.50 or
(etexcmds)             that some package has redefined \expanded.
(etexcmds)             In the latter case, load this package earlier.
)))
(/usr/local/texlive/2018/texmf-dist/tex/generic/oberdiek/pdftexcmds.sty
Package: pdftexcmds 2018/01/30 v0.27 Utility functions of pdfTeX for LuaTeX (HO
)
Package pdftexcmds Info: LuaTeX not detected.
Package pdftexcmds Info: \pdf@primitive is available.
Package pdftexcmds Info: \pdf@ifprimitive is available.
Package pdftexcmds Info: \pdfdraftmode found.
)
Package epstopdf-base Info: Redefining graphics rule for `.eps' on input line 4
38.
Package grfext Info: Graphics extension search list:
(grfext)             [.pdf,.png,.jpg,.mps,.jpeg,.jbig2,.jb2,.PDF,.PNG,.JPG,.JPE
G,.JBIG2,.JB2,.eps]
(grfext)             \AppendGraphicsExtensions on input line 456.

(/usr/local/texlive/2018/texmf-dist/tex/latex/latexconfig/epstopdf-sys.cfg
File: epstopdf-sys.cfg 2010/07/13 v1.3 Configuration of (r)epstopdf for TeX Liv
e
)))
(/usr/local/texlive/2018/texmf-dist/tex/latex/graphics/epsfig.sty
Package: epsfig 2017/06/25 v1.7b (e)psfig emulation (SPQR)
\epsfxsize=\dimen131
\epsfysize=\dimen132
)
(/usr/local/texlive/2018/texmf-dist/tex/latex/hyperref/hyperref.sty
Package: hyperref 2018/02/06 v6.86b Hypertext links for LaTeX

(/usr/local/texlive/2018/texmf-dist/tex/generic/oberdiek/hobsub-hyperref.sty
Package: hobsub-hyperref 2016/05/16 v1.14 Bundle oberdiek, subset hyperref (HO)


(/usr/local/texlive/2018/texmf-dist/tex/generic/oberdiek/hobsub-generic.sty
Package: hobsub-generic 2016/05/16 v1.14 Bundle oberdiek, subset generic (HO)
Package: hobsub 2016/05/16 v1.14 Construct package bundles (HO)
Package hobsub Info: Skipping package `infwarerr' (already loaded).
Package hobsub Info: Skipping package `ltxcmds' (already loaded).
Package hobsub Info: Skipping package `ifluatex' (already loaded).
Package hobsub Info: Skipping package `ifvtex' (already loaded).
Package: intcalc 2016/05/16 v1.2 Expandable calculations with integers (HO)
Package hobsub Info: Skipping package `ifpdf' (already loaded).
Package hobsub Info: Skipping package `etexcmds' (already loaded).
Package hobsub Info: Skipping package `kvsetkeys' (already loaded).
Package hobsub Info: Skipping package `kvdefinekeys' (already loaded).
Package hobsub Info: Skipping package `pdftexcmds' (already loaded).
Package: pdfescape 2016/05/16 v1.14 Implements pdfTeX's escape features (HO)
Package: bigintcalc 2016/05/16 v1.4 Expandable calculations on big integers (HO
)
Package: bitset 2016/05/16 v1.2 Handle bit-vector datatype (HO)
Package: uniquecounter 2016/05/16 v1.3 Provide unlimited unique counter (HO)
)
Package hobsub Info: Skipping package `hobsub' (already loaded).
Package: letltxmacro 2016/05/16 v1.5 Let assignment for LaTeX macros (HO)
Package: hopatch 2016/05/16 v1.3 Wrapper for package hooks (HO)
Package: xcolor-patch 2016/05/16 xcolor patch
Package: atveryend 2016/05/16 v1.9 Hooks at the very end of document (HO)
Package atveryend Info: \enddocument detected (standard20110627).
Package: atbegshi 2016/06/09 v1.18 At begin shipout hook (HO)
Package: refcount 2016/05/16 v3.5 Data extraction from label references (HO)
Package: hycolor 2016/05/16 v1.8 Color options for hyperref/bookmark (HO)
)
(/usr/local/texlive/2018/texmf-dist/tex/latex/oberdiek/auxhook.sty
Package: auxhook 2016/05/16 v1.4 Hooks for auxiliary files (HO)
)
\@linkdim=\dimen133
\Hy@linkcounter=\count110
\Hy@pagecounter=\count111

(/usr/local/texlive/2018/texmf-dist/tex/latex/hyperref/pd1enc.def
File: pd1enc.def 2018/02/06 v6.86b Hyperref: PDFDocEncoding definition (HO)
Now handling font encoding PD1 ...
... no UTF-8 mapping file for font encoding PD1
)
\Hy@SavedSpaceFactor=\count112

(/usr/local/texlive/2018/texmf-dist/tex/latex/latexconfig/hyperref.cfg
File: hyperref.cfg 2002/06/06 v1.2 hyperref configuration of TeXLive
)
Package hyperref Info: Option `colorlinks' set `true' on input line 4383.
Package hyperref Info: Hyper figures OFF on input line 4509.
Package hyperref Info: Link nesting OFF on input line 4514.
Package hyperref Info: Hyper index ON on input line 4517.
Package hyperref Info: Plain pages OFF on input line 4524.
Package hyperref Info: Backreferencing OFF on input line 4529.
Package hyperref Info: Implicit mode ON; LaTeX internals redefined.
Package hyperref Info: Bookmarks ON on input line 4762.
\c@Hy@tempcnt=\count113

(/usr/local/texlive/2018/texmf-dist/tex/latex/url/url.sty
\Urlmuskip=\muskip11
Package: url 2013/09/16  ver 3.4  Verb mode for urls, etc.
)
LaTeX Info: Redefining \url on input line 5115.
\XeTeXLinkMargin=\dimen134
\Fld@menulength=\count114
\Field@Width=\dimen135
\Fld@charsize=\dimen136
Package hyperref Info: Hyper figures OFF on input line 6369.
Package hyperref Info: Link nesting OFF on input line 6374.
Package hyperref Info: Hyper index ON on input line 6377.
Package hyperref Info: backreferencing OFF on input line 6384.
Package hyperref Info: Link coloring ON on input line 6387.
Package hyperref Info: Link coloring with OCG OFF on input line 6394.
Package hyperref Info: PDF/A mode OFF on input line 6399.
LaTeX Info: Redefining \ref on input line 6439.
LaTeX Info: Redefining \pageref on input line 6443.
\Hy@abspage=\count115
\c@Item=\count116
\c@Hfootnote=\count117
)
Package hyperref Info: Driver (autodetected): hpdftex.

(/usr/local/texlive/2018/texmf-dist/tex/latex/hyperref/hpdftex.def
File: hpdftex.def 2018/02/06 v6.86b Hyperref driver for pdfTeX
\Fld@listcount=\count118
\c@bookmark@seq@number=\count119

(/usr/local/texlive/2018/texmf-dist/tex/latex/oberdiek/rerunfilecheck.sty
Package: rerunfilecheck 2016/05/16 v1.8 Rerun checks for auxiliary files (HO)
Package uniquecounter Info: New unique counter `rerunfilecheck' on input line 2
82.
)
\Hy@SectionHShift=\skip54
)
(/usr/local/texlive/2018/texmf-dist/tex/latex/appendix/appendix.sty
Package: appendix 2009/09/02 v1.2b extra appendix facilities
\c@@pps=\count120
\c@@ppsavesec=\count121
\c@@ppsaveapp=\count122
)
(/usr/local/texlive/2018/texmf-dist/tex/latex/float/float.sty
Package: float 2001/11/08 v1.3d Float enhancements (AL)
\c@float@type=\count123
\float@exts=\toks30
\float@box=\box29
\@float@everytoks=\toks31
\@floatcapt=\box30
)
(/usr/local/texlive/2018/texmf-dist/tex/latex/graphics/color.sty
Package: color 2016/07/10 v1.1e Standard LaTeX Color (DPC)

(/usr/local/texlive/2018/texmf-dist/tex/latex/graphics-cfg/color.cfg
File: color.cfg 2016/01/02 v1.6 sample color configuration
)
Package color Info: Driver file: pdftex.def on input line 147.
)
(/usr/local/texlive/2018/texmf-dist/tex/latex/xcolor/xcolor.sty
Package: xcolor 2016/05/11 v2.12 LaTeX color extensions (UK)

(/usr/local/texlive/2018/texmf-dist/tex/latex/graphics-cfg/color.cfg
File: color.cfg 2016/01/02 v1.6 sample color configuration
)
Package xcolor Info: Driver file: pdftex.def on input line 225.
LaTeX Info: Redefining \color on input line 709.
Package xcolor Info: Model `cmy' substituted by `cmy0' on input line 1348.
Package xcolor Info: Model `hsb' substituted by `rgb' on input line 1352.
Package xcolor Info: Model `RGB' extended on input line 1364.
Package xcolor Info: Model `HTML' substituted by `rgb' on input line 1366.
Package xcolor Info: Model `Hsb' substituted by `hsb' on input line 1367.
Package xcolor Info: Model `tHsb' substituted by `hsb' on input line 1368.
Package xcolor Info: Model `HSB' substituted by `hsb' on input line 1369.
Package xcolor Info: Model `Gray' substituted by `gray' on input line 1370.
Package xcolor Info: Model `wave' substituted by `hsb' on input line 1371.

(/usr/local/texlive/2018/texmf-dist/tex/latex/graphics/dvipsnam.def
File: dvipsnam.def 2016/06/17 v3.0m Driver-dependent file (DPC,SPQR)
))
(/usr/local/texlive/2018/texmf-dist/tex/latex/tools/verbatim.sty
Package: verbatim 2014/10/28 v1.5q LaTeX2e package for verbatim enhancements
\every@verbatim=\toks32
\verbatim@line=\toks33
\verbatim@in@stream=\read1
)
(/usr/local/texlive/2018/texmf-dist/tex/latex/preprint/authblk.sty
Package: authblk 2001/02/27 1.3 (PWD)
\affilsep=\skip55
\@affilsep=\skip56
\c@Maxaffil=\count124
\c@authors=\count125
\c@affil=\count126
)
(/usr/local/texlive/2018/texmf-dist/tex/generic/ulem/ulem.sty
\UL@box=\box31
\UL@hyphenbox=\box32
\UL@skip=\skip57
\UL@hook=\toks34
\UL@height=\dimen137
\UL@pe=\count127
\UL@pixel=\dimen138
\ULC@box=\box33
Package: ulem 2012/05/18
\ULdepth=\dimen139
)
Package hyperref Info: Option `colorlinks' set `true' on input line 56.

(/usr/local/texlive/2018/texmf-dist/tex/latex/mathtools/mathtools.sty
Package: mathtools 2018/01/08 v1.21 mathematical typesetting tools

(/usr/local/texlive/2018/texmf-dist/tex/latex/tools/calc.sty
Package: calc 2017/05/25 v4.3 Infix arithmetic (KKT,FJ)
\calc@Acount=\count128
\calc@Bcount=\count129
\calc@Adimen=\dimen140
\calc@Bdimen=\dimen141
\calc@Askip=\skip58
\calc@Bskip=\skip59
LaTeX Info: Redefining \setlength on input line 80.
LaTeX Info: Redefining \addtolength on input line 81.
\calc@Ccount=\count130
\calc@Cskip=\skip60
)
(/usr/local/texlive/2018/texmf-dist/tex/latex/mathtools/mhsetup.sty
Package: mhsetup 2017/03/31 v1.3 programming setup (MH)
)
LaTeX Info: Thecontrolsequence`\('isalreadyrobust on input line 129.
LaTeX Info: Thecontrolsequence`\)'isalreadyrobust on input line 129.
LaTeX Info: Thecontrolsequence`\['isalreadyrobust on input line 129.
LaTeX Info: Thecontrolsequence`\]'isalreadyrobust on input line 129.
\g_MT_multlinerow_int=\count131
\l_MT_multwidth_dim=\dimen142
\origjot=\skip61
\l_MT_shortvdotswithinadjustabove_dim=\dimen143
\l_MT_shortvdotswithinadjustbelow_dim=\dimen144
\l_MT_above_intertext_sep=\dimen145
\l_MT_below_intertext_sep=\dimen146
\l_MT_above_shortintertext_sep=\dimen147
\l_MT_below_shortintertext_sep=\dimen148
)
(/usr/local/texlive/2018/texmf-dist/tex/latex/tools/bm.sty
Package: bm 2017/01/16 v1.2c Bold Symbol Support (DPC/FMi)
\symboldoperators=\mathgroup7
\symboldletters=\mathgroup8
\symboldsymbols=\mathgroup9
LaTeX Font Info:    Redeclaring math alphabet \mathbf on input line 141.
LaTeX Info: Redefining \bm on input line 207.
)
(/usr/local/texlive/2018/texmf-dist/tex/latex/doublestroke/dsfont.sty
Package: dsfont 1995/08/01 v0.1 Double stroke roman fonts
)
(/usr/local/texlive/2018/texmf-dist/tex/latex/listings/listings.sty
\lst@mode=\count132
\lst@gtempboxa=\box34
\lst@token=\toks35
\lst@length=\count133
\lst@currlwidth=\dimen149
\lst@column=\count134
\lst@pos=\count135
\lst@lostspace=\dimen150
\lst@width=\dimen151
\lst@newlines=\count136
\lst@lineno=\count137
\lst@maxwidth=\dimen152

(/usr/local/texlive/2018/texmf-dist/tex/latex/listings/lstmisc.sty
File: lstmisc.sty 2015/06/04 1.6 (Carsten Heinz)
\c@lstnumber=\count138
\lst@skipnumbers=\count139
\lst@framebox=\box35
)
(/usr/local/texlive/2018/texmf-dist/tex/latex/listings/listings.cfg
File: listings.cfg 2015/06/04 1.6 listings configuration
))
Package: listings 2015/06/04 1.6 (Carsten Heinz)

(/usr/local/texlive/2018/texmf-dist/tex/latex/algorithm2e/algorithm2e.sty
Package: algorithm2e 2017/07/18 v5.2 algorithms environments
\c@AlgoLine=\count140

(/usr/local/texlive/2018/texmf-dist/tex/latex/base/ifthen.sty
Package: ifthen 2014/09/29 v1.1c Standard LaTeX ifthen package (DPC)
)
\algocf@hangindent=\skip62

(/usr/local/texlive/2018/texmf-dist/tex/latex/ifoddpage/ifoddpage.sty
Package: ifoddpage 2016/04/23 v1.1 Conditionals for odd/even page detection
\c@checkoddpage=\count141
)
(/usr/local/texlive/2018/texmf-dist/tex/latex/relsize/relsize.sty
Package: relsize 2013/03/29 ver 4.1
)
\skiptotal=\skip63
\skiplinenumber=\skip64
\skiprule=\skip65
\skiphlne=\skip66
\skiptext=\skip67
\skiplength=\skip68
\algomargin=\skip69
\skipalgocfslide=\skip70
\algowidth=\dimen153
\inoutsize=\dimen154
\inoutindent=\dimen155
\interspacetitleruled=\dimen156
\interspacealgoruled=\dimen157
\interspacetitleboxruled=\dimen158
\algocf@ruledwidth=\skip71
\algocf@inoutbox=\box36
\algocf@inputbox=\box37
\AlCapSkip=\skip72
\AlCapHSkip=\skip73
\algoskipindent=\skip74
\algocf@nlbox=\box38
\algocf@hangingbox=\box39
\algocf@untilbox=\box40
\algocf@skipuntil=\skip75
\algocf@capbox=\box41
\algocf@lcaptionbox=\skip76
\algoheightruledefault=\skip77
\algoheightrule=\skip78
\algotitleheightruledefault=\skip79
\algotitleheightrule=\skip80
\c@algocfline=\count142
\c@algocfproc=\count143
\c@algocf=\count144
\algocf@algoframe=\box42
\algocf@algobox=\box43
)
\c@thm=\count145
\c@lem=\count146
\c@prop=\count147
\c@corollary=\count148
\c@assumption=\count149
\c@defn=\count150
\c@example=\count151
\c@rmk=\count152

(./macros.tex
(/usr/local/texlive/2018/texmf-dist/tex/latex/stmaryrd/stmaryrd.sty
Package: stmaryrd 1994/03/03 St Mary's Road symbol package
\symstmry=\mathgroup10
LaTeX Font Info:    Overwriting symbol font `stmry' in version `bold'
(Font)                  U/stmry/m/n --> U/stmry/b/n on input line 89.
))
(/usr/local/texlive/2018/texmf-dist/tex/latex/parskip/parskip.sty
Package: parskip 2001/04/09 non-zero parskip adjustments
)
(./Nonparametric_matrix——zhangComment.aux)
\openout1 = `Nonparametric_matrix——zhangComment.aux'.

LaTeX Font Info:    Checking defaults for OML/cmm/m/it on input line 138.
LaTeX Font Info:    ... okay on input line 138.
LaTeX Font Info:    Checking defaults for T1/cmr/m/n on input line 138.
LaTeX Font Info:    ... okay on input line 138.
LaTeX Font Info:    Checking defaults for OT1/cmr/m/n on input line 138.
LaTeX Font Info:    ... okay on input line 138.
LaTeX Font Info:    Checking defaults for OMS/cmsy/m/n on input line 138.
LaTeX Font Info:    ... okay on input line 138.
LaTeX Font Info:    Checking defaults for OMX/cmex/m/n on input line 138.
LaTeX Font Info:    ... okay on input line 138.
LaTeX Font Info:    Checking defaults for U/cmr/m/n on input line 138.
LaTeX Font Info:    ... okay on input line 138.
LaTeX Font Info:    Checking defaults for PD1/pdf/m/n on input line 138.
LaTeX Font Info:    ... okay on input line 138.

(/usr/local/texlive/2018/texmf-dist/tex/context/base/mkii/supp-pdf.mkii
[Loading MPS to PDF converter (version 2006.09.02).]
\scratchcounter=\count153
\scratchdimen=\dimen159
\scratchbox=\box44
\nofMPsegments=\count154
\nofMParguments=\count155
\everyMPshowfont=\toks36
\MPscratchCnt=\count156
\MPscratchDim=\dimen160
\MPnumerator=\count157
\makeMPintoPDFobject=\count158
\everyMPtoPDFconversion=\toks37
)
Package caption Info: Begin \AtBeginDocument code.
Package caption Info: float package is loaded.
Package caption Info: hyperref package is loaded.
Package caption Info: listings package is loaded.
Package caption Info: End \AtBeginDocument code.

*geometry* driver: auto-detecting
*geometry* detected driver: pdftex
*geometry* verbose mode - [ preamble ] result:
* driver: pdftex
* paper: <default>
* layout: <same size as paper>
* layoutoffset:(h,v)=(0.0pt,0.0pt)
* modes: 
* h-part:(L,W,R)=(72.26999pt, 469.75502pt, 72.26999pt)
* v-part:(T,H,B)=(72.26999pt, 650.43001pt, 72.26999pt)
* \paperwidth=614.295pt
* \paperheight=794.96999pt
* \textwidth=469.75502pt
* \textheight=650.43001pt
* \oddsidemargin=0.0pt
* \evensidemargin=0.0pt
* \topmargin=-37.0pt
* \headheight=12.0pt
* \headsep=25.0pt
* \topskip=11.0pt
* \footskip=30.0pt
* \marginparwidth=59.0pt
* \marginparsep=10.0pt
* \columnsep=10.0pt
* \skip\footins=10.0pt plus 4.0pt minus 2.0pt
* \hoffset=0.0pt
* \voffset=0.0pt
* \mag=1000
* \@twocolumnfalse
* \@twosidefalse
* \@mparswitchfalse
* \@reversemarginfalse
* (1in=72.27pt=25.4mm, 1cm=28.453pt)

\AtBeginShipoutBox=\box45
Package hyperref Info: Link coloring ON on input line 138.
(/usr/local/texlive/2018/texmf-dist/tex/latex/hyperref/nameref.sty
Package: nameref 2016/05/21 v2.44 Cross-referencing by name of section

(/usr/local/texlive/2018/texmf-dist/tex/generic/oberdiek/gettitlestring.sty
Package: gettitlestring 2016/05/16 v1.5 Cleanup title references (HO)
)
\c@section@level=\count159
)
LaTeX Info: Redefining \ref on input line 138.
LaTeX Info: Redefining \pageref on input line 138.
LaTeX Info: Redefining \nameref on input line 138.

(./Nonparametric_matrix——zhangComment.out)
(./Nonparametric_matrix——zhangComment.out)
\@outlinefile=\write4
\openout4 = `Nonparametric_matrix——zhangComment.out'.

\c@lstlisting=\count160
LaTeX Font Info:    Try loading font information for U+msa on input line 149.

(/usr/local/texlive/2018/texmf-dist/tex/latex/amsfonts/umsa.fd
File: umsa.fd 2013/01/14 v3.01 AMS symbols A
)
LaTeX Font Info:    Try loading font information for U+msb on input line 149.

(/usr/local/texlive/2018/texmf-dist/tex/latex/amsfonts/umsb.fd
File: umsb.fd 2013/01/14 v3.01 AMS symbols B
)
LaTeX Font Info:    Try loading font information for U+rsfs on input line 149.

(/usr/local/texlive/2018/texmf-dist/tex/latex/jknapltx/ursfs.fd
File: ursfs.fd 1998/03/24 rsfs font definition file (jk)
)
LaTeX Font Info:    Try loading font information for U+stmry on input line 149.


(/usr/local/texlive/2018/texmf-dist/tex/latex/stmaryrd/Ustmry.fd) [1

{/usr/local/texlive/2018/texmf-var/fonts/map/pdftex/updmap/pdftex.map}] [2]

Package amsmath Warning: Foreign command \over;
(amsmath)                \frac or \genfrac should be used instead
(amsmath)                 on input line 221.

[3]
<level.pdf, id=194, 614.92737pt x 158.3702pt>
File: level.pdf Graphic file (type pdf)
<use level.pdf>
Package pdftex.def Info: level.pdf  used on input line 236.
(pdftex.def)             Requested size: 469.75502pt x 120.98363pt.
 [4 <./level.pdf>] [5]
LaTeX Font Info:    Try loading font information for U+dsrom on input line 277.


(/usr/local/texlive/2018/texmf-dist/tex/latex/doublestroke/Udsrom.fd
File: Udsrom.fd 1995/08/01 v0.1 Double stroke roman font definitions
) [6]
[7] [8]
<demo_method.pdf, id=342, 1243.02441pt x 402.62263pt>
File: demo_method.pdf Graphic file (type pdf)
<use demo_method.pdf>
Package pdftex.def Info: demo_method.pdf  used on input line 334.
(pdftex.def)             Requested size: 426.79134pt x 138.24146pt.
 [9 <./demo_method.pdf>] [10]
Overfull \hbox (1.39975pt too wide) in paragraph at lines 390--391
[]\OT1/cmr/m/n/10.95 Our iden-ti-fi-a-bil-ity char-ac-ter-i-za-tion gen-er-al-i
zes the ear-lier re-sults for sin-gle level set es-ti-ma-tion ([][]Singh
 []

[11] [12]
Overfull \hbox (7.25941pt too wide) in paragraph at lines 431--432
[]\OT1/cmr/m/n/10.95 Single in-dex mod-els with (un-known) mono-tonic links, su
ch as lo-gis-tic func-tion $\OML/cmm/m/it/10.95 g\OT1/cmr/m/n/10.95 (\OML/cmm/m
/it/10.95 z\OT1/cmr/m/n/10.95 ) = (1 + [](\OMS/cmsy/m/n/10.95 ^^@\OML/cmm/m/it/
10.95 z\OT1/cmr/m/n/10.95 ))[]$,
 []

[13] [14] [15] [16]
Overfull \hbox (0.29692pt too wide) in paragraph at lines 529--530
[]\OT1/cmr/m/n/10.95 The fol-low-ing as-sump-tion quan-ti-fies the rep-re-sen-t
a-tion ca-pa-bil-ity of can-di-date clas-si-fiers $\OMS/cmsy/m/n/10.95 F\OT1/cm
r/m/n/10.95 (\OML/cmm/m/it/10.95 r; s[]; s[]\OT1/cmr/m/n/10.95 )$.
 []


Overfull \hbox (2.31204pt too wide) in paragraph at lines 531--532
[][]\OT1/cmr/bx/n/10.95 Assumption 1 \OT1/cmr/m/n/10.95 (Ap-prox-i-ma-tion er-r
or)\OT1/cmr/bx/n/10.95 . []\OT1/cmr/m/n/10.95 As-sume there ex-ists a se-quence
 of func-tions $\OML/cmm/m/it/10.95 f[] \OMS/cmsy/m/n/10.95 2 F\OT1/cmr/m/n/10.
95 (\OML/cmm/m/it/10.95 r; s[]; s[]\OT1/cmr/m/n/10.95 )$
 []

[17] [18]
Overfull \hbox (0.84926pt too wide) in paragraph at lines 575--576
[][]\OT1/cmr/bx/n/10.95 Example 3 \OT1/cmr/m/n/10.95 (Piece--wise con-stant mod
el)\OT1/cmr/bx/n/10.95 . []\OT1/cmr/m/n/10.95 Con-sider piece-wise con-stant pr
ob-a-bil-ity func-tion $\OML/cmm/m/it/10.95 ^^V\OT1/cmr/m/n/10.95 (\OML/cmm/b/i
t/10.95 X\OT1/cmr/m/n/10.95 ) =
 []

[19]
<math.pdf, id=580, 961.80827pt x 97.16467pt>
File: math.pdf Graphic file (type pdf)
<use math.pdf>
Package pdftex.def Info: math.pdf  used on input line 594.
(pdftex.def)             Requested size: 328.82707pt x 33.21938pt.
<combined_logistic.pdf, id=584, 2451.3555pt x 579.982pt>
File: combined_logistic.pdf Graphic file (type pdf)
<use combined_logistic.pdf>
Package pdftex.def Info: combined_logistic.pdf  used on input line 605.
(pdftex.def)             Requested size: 469.75502pt x 111.1358pt.
<combined_steps.pdf, id=587, 2560.57507pt x 598.6103pt>
File: combined_steps.pdf Graphic file (type pdf)
<use combined_steps.pdf>
Package pdftex.def Info: combined_steps.pdf  used on input line 613.
(pdftex.def)             Requested size: 469.75502pt x 109.81863pt.
 [20 <./math.pdf>]
LaTeX Font Info:    Try loading font information for OMS+cmr on input line 622.


(/usr/local/texlive/2018/texmf-dist/tex/latex/base/omscmr.fd
File: omscmr.fd 2014/09/29 v2.5h Standard LaTeX font definitions
)
LaTeX Font Info:    Font shape `OMS/cmr/m/n' in size <10.95> not available
(Font)              Font shape `OMS/cmsy/m/n' tried instead on input line 622.
 [21 <./combined_logistic.pdf> <./combined_steps.pdf

pdfTeX warning: /Library/TeX/texbin/pdflatex (file ./combined_steps.pdf): PDF i
nclusion: multiple pdfs with page group included in a single page
>]
<cross.pdf, id=677, 233.95927pt x 238.05225pt>
File: cross.pdf Graphic file (type pdf)
<use cross.pdf>
Package pdftex.def Info: cross.pdf  used on input line 630.
(pdftex.def)             Requested size: 108.12054pt x 110.01389pt.
<block.pdf, id=678, 231.66779pt x 235.14822pt>
File: block.pdf Graphic file (type pdf)
<use block.pdf>
Package pdftex.def Info: block.pdf  used on input line 631.
(pdftex.def)             Requested size: 108.12054pt x 109.74464pt.
<star.pdf, id=679, 231.45418pt x 233.49432pt>
File: star.pdf Graphic file (type pdf)
<use star.pdf>
Package pdftex.def Info: star.pdf  used on input line 632.
(pdftex.def)             Requested size: 108.12054pt x 109.07253pt.
<circle.pdf, id=680, 284.48106pt x 238.1045pt>
File: circle.pdf Graphic file (type pdf)
<use circle.pdf>
Package pdftex.def Info: circle.pdf  used on input line 633.
(pdftex.def)             Requested size: 133.72786pt x 111.93092pt.

Overfull \hbox (26.48703pt too wide) detected at line 645
\OML/cmm/m/it/10.95 ^^Y [] []\OT1/cmr/m/n/10.95 [0\OML/cmm/m/it/10.95 ; \OT1/cm
r/m/n/10.95 1] [] []
 []

[22 <./cross.pdf> <./block.pdf

pdfTeX warning: /Library/TeX/texbin/pdflatex (file ./block.pdf): PDF inclusion:
 multiple pdfs with page group included in a single page
> <./star.pdf

pdfTeX warning: /Library/TeX/texbin/pdflatex (file ./star.pdf): PDF inclusion: 
multiple pdfs with page group included in a single page
> <./circle.pdf

pdfTeX warning: /Library/TeX/texbin/pdflatex (file ./circle.pdf): PDF inclusion
: multiple pdfs with page group included in a single page
>]
<error_tot_comb2.pdf, id=726, 1511.35722pt x 288.39342pt>
File: error_tot_comb2.pdf Graphic file (type pdf)
<use error_tot_comb2.pdf>
Package pdftex.def Info: error_tot_comb2.pdf  used on input line 652.
(pdftex.def)             Requested size: 469.75502pt x 89.63425pt.
 [23 <./error_tot_comb2.pdf>]
<est_block.pdf, id=784, 545.84929pt x 239.48935pt>
File: est_block.pdf Graphic file (type pdf)
<use est_block.pdf>
Package pdftex.def Info: est_block.pdf  used on input line 662.
(pdftex.def)             Requested size: 230.46748pt x 101.1147pt.
<est_circle.pdf, id=785, 527.58403pt x 237.84499pt>
File: est_circle.pdf Graphic file (type pdf)
<use est_circle.pdf>
Package pdftex.def Info: est_circle.pdf  used on input line 663.
(pdftex.def)             Requested size: 230.46748pt x 103.89723pt.
 [24 <./est_block.pdf> <./est_circle.pdf

pdfTeX warning: /Library/TeX/texbin/pdflatex (file ./est_circle.pdf): PDF inclu
sion: multiple pdfs with page group included in a single page
>]
<braintable.pdf, id=851, 1748.34698pt x 345.51984pt>
File: braintable.pdf Graphic file (type pdf)
<use braintable.pdf>
Package pdftex.def Info: braintable.pdf  used on input line 715.
(pdftex.def)             Requested size: 469.75502pt x 92.83292pt.
<brain.pdf, id=855, 1835.2406pt x 752.04608pt>
File: brain.pdf Graphic file (type pdf)
<use brain.pdf>
Package pdftex.def Info: brain.pdf  used on input line 723.
(pdftex.def)             Requested size: 469.75502pt x 192.4979pt.
 [25 <./braintable.pdf>] [26 <./brain.pdf>]
(./Nonparametric_matrix——zhangComment.bbl [27] [28] [29] [30]) [31]
Overfull \hbox (8.4666pt too wide) in paragraph at lines 782--783
[]\OT1/cmr/m/n/10.95 The above ex-am-ple shows the con-nec-tion of our method t
o joint de-com-po-si-tion of ma-tri-ces $(\OML/cmm/b/it/10.95 X[]\OT1/cmr/m/n/1
0.95 )[]$.
 []

[32

] [33]
<combined_linear.pdf, id=957, 2479.71414pt x 573.47673pt>
File: combined_linear.pdf Graphic file (type pdf)
<use combined_linear.pdf>
Package pdftex.def Info: combined_linear.pdf  used on input line 822.
(pdftex.def)             Requested size: 455.24408pt x 105.27773pt.
<est_cross.pdf, id=958, 237.37407pt x 222.36096pt>
File: est_cross.pdf Graphic file (type pdf)
<use est_cross.pdf>
Package pdftex.def Info: est_cross.pdf  used on input line 829.
(pdftex.def)             Requested size: 105.2751pt x 98.6161pt.
<FMD_cross.pdf, id=959, 361.35pt x 289.08pt>
File: FMD_cross.pdf Graphic file (type pdf)
<use FMD_cross.pdf>
Package pdftex.def Info: FMD_cross.pdf  used on input line 830.
(pdftex.def)             Requested size: 122.34692pt x 97.87567pt.
<est_star.pdf, id=960, 238.75212pt x 221.46783pt>
File: est_star.pdf Graphic file (type pdf)
<use est_star.pdf>
Package pdftex.def Info: est_star.pdf  used on input line 831.
(pdftex.def)             Requested size: 105.2751pt x 97.65228pt.
<FMD_star.pdf, id=961, 361.35pt x 289.08pt>
File: FMD_star.pdf Graphic file (type pdf)
<use FMD_star.pdf>
Package pdftex.def Info: FMD_star.pdf  used on input line 832.
(pdftex.def)             Requested size: 122.34692pt x 97.87567pt.
 [34

 <./combined_linear.pdf> <./est_cross.pdf

pdfTeX warning: /Library/TeX/texbin/pdflatex (file ./est_cross.pdf): PDF inclus
ion: multiple pdfs with page group included in a single page
> <./FMD_cross.pdf> <./est_star.pdf

pdfTeX warning: /Library/TeX/texbin/pdflatex (file ./est_star.pdf): PDF inclusi
on: multiple pdfs with page group included in a single page
> <./FMD_star.pdf>] [35

]

LaTeX Warning: Reference `eq:1' on page 36 undefined on input line 892.


Overfull \hbox (20.62273pt too wide) detected at line 905
[]
 []

[36] [37] [38]
Overfull \hbox (16.52228pt too wide) detected at line 1013
[]
 []

[39]
Overfull \hbox (3.32399pt too wide) detected at line 1047
[] [] \OMS/cmsy/m/n/10.95 ^^T [][] \OT1/cmr/m/n/10.95 + [] [] \OML/cmm/m/it/10.
95 :
 []

[40] [41]
Overfull \hbox (26.67252pt too wide) detected at line 1118
[] [] \U/msa/m/n/10.95 . []
 []

[42] [43

] [44]
Overfull \hbox (1.16344pt too wide) in paragraph at lines 1263--1264
[][]\OT1/cmr/bx/n/10.95 Definition 3 \OT1/cmr/m/n/10.95 (Brack-et-ing num-ber)\
OT1/cmr/bx/n/10.95 . []\OT1/cmr/m/n/10.95 Con-sider a func-tion set $\OMS/cmsy/
m/n/10.95 F$\OT1/cmr/m/n/10.95 , and let $\OML/cmm/m/it/10.95 " > \OT1/cmr/m/n/
10.95 0$. We call $\OMS/cmsy/m/n/10.95 f\OT1/cmr/m/n/10.95 (\OML/cmm/m/it/10.95
 f[]; f[]\OT1/cmr/m/n/10.95 )\OMS/cmsy/m/n/10.95 g[]$
 []

[45]

Package amsmath Warning: Foreign command \atopwithdelims;
(amsmath)                \frac or \genfrac should be used instead
(amsmath)                 on input line 1309.

[46]
Overfull \hbox (6.3481pt too wide) detected at line 1318
\OML/cmm/m/it/10.95 t[] \OMS/cmsy/m/n/10.95 ^^P [][] \OT1/cmr/m/n/10.95 + [] []
  [] \OML/cmm/m/it/10.95 ^^U[] \OMS/cmsy/m/n/10.95 ^^P [] [][] \OML/cmm/m/it/10
.95 :
 []

Package atveryend Info: Empty hook `BeforeClearDocument' on input line 1348.
[47]
Package atveryend Info: Empty hook `AfterLastShipout' on input line 1348.
 (./Nonparametric_matrix——zhangComment.aux)
Package atveryend Info: Executing hook `AtVeryEndDocument' on input line 1348.
Package atveryend Info: Executing hook `AtEndAfterFileList' on input line 1348.

Package rerunfilecheck Info: File `Nonparametric_matrix——zhangComment.out' 
has not changed.
(rerunfilecheck)             Checksum: DCEDA690197CBBE389B44F3A341B5644;2399.


LaTeX Warning: There were undefined references.


LaTeX Warning: Label(s) may have changed. Rerun to get cross-references right.

Package atveryend Info: Empty hook `AtVeryVeryEnd' on input line 1348.
 ) 
Here is how much of TeX's memory you used:
 13177 strings out of 492649
 195168 string characters out of 6129622
 420510 words of memory out of 5000000
 16562 multiletter control sequences out of 15000+600000
 26336 words of font info for 106 fonts, out of 8000000 for 9000
 1141 hyphenation exceptions out of 8191
 42i,18n,45p,1635b,595s stack positions out of 5000i,500n,10000p,200000b,80000s
</usr/local/texlive/2018/texmf-dist/fonts/type1/public/amsfonts/cm/cmbx10.pfb
></usr/local/texlive/2018/texmf-dist/fonts/type1/public/amsfonts/cm/cmbx12.pfb>
</usr/local/texlive/2018/texmf-dist/fonts/type1/public/amsfonts/cm/cmex10.pfb><
/usr/local/texlive/2018/texmf-dist/fonts/type1/public/amsfonts/cmextra/cmex8.pf
b></usr/local/texlive/2018/texmf-dist/fonts/type1/public/amsfonts/cm/cmmi10.pfb
></usr/local/texlive/2018/texmf-dist/fonts/type1/public/amsfonts/cm/cmmi6.pfb><
/usr/local/texlive/2018/texmf-dist/fonts/type1/public/amsfonts/cm/cmmi7.pfb></u
sr/local/texlive/2018/texmf-dist/fonts/type1/public/amsfonts/cm/cmmi8.pfb></usr
/local/texlive/2018/texmf-dist/fonts/type1/public/amsfonts/cm/cmmib10.pfb></usr
/local/texlive/2018/texmf-dist/fonts/type1/public/amsfonts/cmextra/cmmib7.pfb><
/usr/local/texlive/2018/texmf-dist/fonts/type1/public/amsfonts/cmextra/cmmib8.p
fb></usr/local/texlive/2018/texmf-dist/fonts/type1/public/amsfonts/cm/cmr10.pfb
></usr/local/texlive/2018/texmf-dist/fonts/type1/public/amsfonts/cm/cmr12.pfb><
/usr/local/texlive/2018/texmf-dist/fonts/type1/public/amsfonts/cm/cmr5.pfb></us
r/local/texlive/2018/texmf-dist/fonts/type1/public/amsfonts/cm/cmr6.pfb></usr/l
ocal/texlive/2018/texmf-dist/fonts/type1/public/amsfonts/cm/cmr7.pfb></usr/loca
l/texlive/2018/texmf-dist/fonts/type1/public/amsfonts/cm/cmr8.pfb></usr/local/t
exlive/2018/texmf-dist/fonts/type1/public/amsfonts/cm/cmr9.pfb></usr/local/texl
ive/2018/texmf-dist/fonts/type1/public/amsfonts/cm/cmsy10.pfb></usr/local/texli
ve/2018/texmf-dist/fonts/type1/public/amsfonts/cm/cmsy6.pfb></usr/local/texlive
/2018/texmf-dist/fonts/type1/public/amsfonts/cm/cmsy7.pfb></usr/local/texlive/2
018/texmf-dist/fonts/type1/public/amsfonts/cm/cmsy8.pfb></usr/local/texlive/201
8/texmf-dist/fonts/type1/public/amsfonts/cm/cmti10.pfb></usr/local/texlive/2018
/texmf-dist/fonts/type1/public/amsfonts/cm/cmti8.pfb></usr/local/texlive/2018/t
exmf-dist/fonts/type1/public/doublestroke/dsrom10.pfb></usr/local/texlive/2018/
texmf-dist/fonts/type1/public/amsfonts/symbols/msam10.pfb></usr/local/texlive/2
018/texmf-dist/fonts/type1/public/amsfonts/symbols/msbm10.pfb></usr/local/texli
ve/2018/texmf-dist/fonts/type1/public/stmaryrd/stmary10.pfb>
Output written on Nonparametric_matrix——zhangComment.pdf (47 pages, 2863053
 bytes).
PDF statistics:
 1313 PDF objects out of 1440 (max. 8388607)
 1117 compressed objects within 12 object streams
 220 named destinations out of 1000 (max. 500000)
 344 words of extra memory for PDF output out of 10000 (max. 10000000)

